2014/12/22 14:52:14.995049 ./log/server.log
2014/12/22 14:52:14.995064 <nil>
2014/12/22 14:52:14.995068 false
2014/12/22 14:52:14.995193 ./log/server.log
2014/12/22 14:52:14.995198 <nil>
2014/12/22 14:52:14.995200 false
2014/12/22 14:52:14.995278 ./log/server.log
2014/12/22 14:52:14.995283 <nil>
2014/12/22 14:52:14.995285 false
2014/12/22 14:52:14.995485 ./log/server.log
2014/12/22 14:52:14.995491 <nil>
2014/12/22 14:52:14.995493 false
2014/12/22 14:52:14.995583 ./log/server.log
2014/12/22 14:52:14.995587 <nil>
2014/12/22 14:52:14.995589 false
2014/12/22 14:52:14.995650 test123.log
2014/12/22 14:52:14.995654 <nil>
2014/12/22 14:52:14.995657 true
2014/12/22 14:52:14.996735 ./log/server.log
2014/12/22 14:52:14.996742 <nil>
2014/12/22 14:52:14.996745 false
2014/12/22 14:52:14.996822 ./log/server.log
2014/12/22 14:52:14.996827 <nil>
2014/12/22 14:52:14.996829 false
2014/12/22 14:52:14.997050 ./log/server.log
2014/12/22 14:52:14.997056 <nil>
2014/12/22 14:52:14.997058 false
2014/12/22 14:52:14.997071 goenv Require couldn't find config.dingdong
2014/12/22 14:52:14.997154 ./log/server.log
2014/12/22 14:52:14.997158 <nil>
2014/12/22 14:52:14.997160 false
2014/12/22 14:52:14.997235 ./log/server.log
2014/12/22 14:52:14.997239 <nil>
2014/12/22 14:52:14.997241 false
2014/12/22 14:52:14.997310 ./log/server.log
2014/12/22 14:52:14.997314 <nil>
2014/12/22 14:52:14.997316 false
2014/12/22 14:52:14.997527 ./log/server.log
2014/12/22 14:52:14.997531 <nil>
2014/12/22 14:52:14.997534 false
2014/12/22 14:52:14.997630 ./log/server.log
2014/12/22 14:52:14.997635 <nil>
2014/12/22 14:52:14.997637 false
2014/12/22 14:52:14.997717 ./log/server.log
2014/12/22 14:52:14.997721 <nil>
2014/12/22 14:52:14.997723 false
2014/12/22 14:52:14.997733 Missing value in config.yml: nonexistent.postgres.db
2014/12/22 14:52:14.997952 ./log/server.log
2014/12/22 14:52:14.997957 <nil>
2014/12/22 14:52:14.997959 false
2014/12/22 14:52:14.998055 ./log/server.log
2014/12/22 14:52:14.998059 <nil>
2014/12/22 14:52:14.998061 false
2014/12/22 14:52:14.998073 Missing value in config.yml: postgres.non.db
2014/12/22 14:52:14.998140 ./log/server.log
2014/12/22 14:52:14.998144 <nil>
2014/12/22 14:52:14.998146 false
2014/12/22 14:52:15.000539 test123.log
2014/12/22 14:52:15.000547 <nil>
2014/12/22 14:52:15.000550 true
2014/12/22 14:52:15.001518 ./log/server.log
2014/12/22 14:52:15.001525 <nil>
2014/12/22 14:52:15.001527 false
2014/12/22 14:52:15.001621 ./log/server.log
2014/12/22 14:52:15.001625 <nil>
2014/12/22 14:52:15.001628 false
2014/12/22 14:52:15.001703 ./log/server.log
2014/12/22 14:52:15.001707 <nil>
2014/12/22 14:52:15.001710 false
2014/12/22 14:52:15.001792 ./log/server.log
2014/12/22 14:52:15.001796 <nil>
2014/12/22 14:52:15.001798 false
2014/12/22 14:52:15.002005 ./log/server.log
2014/12/22 14:52:15.002010 <nil>
2014/12/22 14:52:15.002013 false
2014/12/22 14:52:45.978953 goenv Require couldn't find config.dingdong
2014/12/22 14:52:45.979818 Missing value in config.yml: nonexistent.postgres.db
2014/12/22 14:52:45.980044 Missing value in config.yml: postgres.non.db
